# Logfile created on 2014-07-13 12:59:58 +0200 by logger.rb/41954
I, [2014-07-13T12:59:58.006898 #19304]  INFO -- : 0:  blankslate (2.1.2.4) from /Library/Ruby/Gems/2.0.0/specifications/blankslate-2.1.2.4.gemspec
I, [2014-07-13T12:59:58.007577 #19304]  INFO -- : 0:  timers (1.1.0) from /Library/Ruby/Gems/2.0.0/specifications/timers-1.1.0.gemspec
I, [2014-07-13T12:59:58.007907 #19304]  INFO -- : 0:  celluloid (0.15.2) from /Library/Ruby/Gems/2.0.0/specifications/celluloid-0.15.2.gemspec
I, [2014-07-13T12:59:58.008131 #19304]  INFO -- : 0:  chunky_png (1.3.1) from /Library/Ruby/Gems/2.0.0/specifications/chunky_png-1.3.1.gemspec
I, [2014-07-13T12:59:58.008342 #19304]  INFO -- : 0:  fast-stemmer (1.0.2) from /Library/Ruby/Gems/2.0.0/specifications/fast-stemmer-1.0.2.gemspec
I, [2014-07-13T12:59:58.008564 #19304]  INFO -- : 0:  classifier (1.3.4) from /Library/Ruby/Gems/2.0.0/specifications/classifier-1.3.4.gemspec
I, [2014-07-13T12:59:58.008772 #19304]  INFO -- : 0:  coffee-script-source (1.7.1) from /Library/Ruby/Gems/2.0.0/specifications/coffee-script-source-1.7.1.gemspec
I, [2014-07-13T12:59:58.008980 #19304]  INFO -- : 0:  execjs (2.2.1) from /Library/Ruby/Gems/2.0.0/specifications/execjs-2.2.1.gemspec
I, [2014-07-13T12:59:58.009175 #19304]  INFO -- : 0:  coffee-script (2.3.0) from /Library/Ruby/Gems/2.0.0/specifications/coffee-script-2.3.0.gemspec
I, [2014-07-13T12:59:58.009377 #19304]  INFO -- : 0:  colorator (0.1) from /Library/Ruby/Gems/2.0.0/specifications/colorator-0.1.gemspec
I, [2014-07-13T12:59:58.009581 #19304]  INFO -- : 0:  fssm (0.2.10) from /Library/Ruby/Gems/2.0.0/specifications/fssm-0.2.10.gemspec
I, [2014-07-13T12:59:58.009796 #19304]  INFO -- : 0:  sass (3.3.8) from /Library/Ruby/Gems/2.0.0/specifications/sass-3.3.8.gemspec
I, [2014-07-13T13:00:00.826093 #19304]  INFO -- : 0:  compass (0.12.2) from /Library/Ruby/Gems/2.0.0/specifications/compass-0.12.2.gemspec
I, [2014-07-13T13:00:00.930537 #19304]  INFO -- : 0:  ffi (1.9.3) from /Library/Ruby/Gems/2.0.0/specifications/ffi-1.9.3.gemspec
I, [2014-07-13T13:00:00.930993 #19304]  INFO -- : 0:  jekyll-coffeescript (1.0.0) from /Library/Ruby/Gems/2.0.0/specifications/jekyll-coffeescript-1.0.0.gemspec
I, [2014-07-13T13:00:00.931353 #19304]  INFO -- : 0:  jekyll-gist (1.1.0) from /Library/Ruby/Gems/2.0.0/specifications/jekyll-gist-1.1.0.gemspec
I, [2014-07-13T13:00:00.931701 #19304]  INFO -- : 0:  jekyll-paginate (1.0.0) from /Library/Ruby/Gems/2.0.0/specifications/jekyll-paginate-1.0.0.gemspec
I, [2014-07-13T13:00:00.932054 #19304]  INFO -- : 0:  jekyll-sass-converter (1.0.0) from /Library/Ruby/Gems/2.0.0/specifications/jekyll-sass-converter-1.0.0.gemspec
I, [2014-07-13T13:00:00.932403 #19304]  INFO -- : 0:  rb-fsevent (0.9.4) from /Library/Ruby/Gems/2.0.0/specifications/rb-fsevent-0.9.4.gemspec
I, [2014-07-13T13:00:00.932755 #19304]  INFO -- : 0:  rb-inotify (0.9.3) from /Library/Ruby/Gems/2.0.0/specifications/rb-inotify-0.9.3.gemspec
I, [2014-07-13T13:00:00.933126 #19304]  INFO -- : 0:  listen (2.7.9) from /Library/Ruby/Gems/2.0.0/specifications/listen-2.7.9.gemspec
I, [2014-07-13T13:00:00.933488 #19304]  INFO -- : 0:  jekyll-watch (1.0.0) from /Library/Ruby/Gems/2.0.0/specifications/jekyll-watch-1.0.0.gemspec
I, [2014-07-13T13:00:00.933864 #19304]  INFO -- : 0:  kramdown (1.3.1) from /Library/Ruby/Gems/2.0.0/specifications/kramdown-1.3.1.gemspec
I, [2014-07-13T13:00:00.934222 #19304]  INFO -- : 0:  liquid (2.6.1) from /Library/Ruby/Gems/2.0.0/specifications/liquid-2.6.1.gemspec
I, [2014-07-13T13:00:00.934563 #19304]  INFO -- : 0:  mercenary (0.3.4) from /Library/Ruby/Gems/2.0.0/specifications/mercenary-0.3.4.gemspec
I, [2014-07-13T13:00:00.934915 #19304]  INFO -- : 0:  posix-spawn (0.3.8) from /Library/Ruby/Gems/2.0.0/specifications/posix-spawn-0.3.8.gemspec
I, [2014-07-13T13:00:00.935254 #19304]  INFO -- : 0:  yajl-ruby (1.1.0) from /Library/Ruby/Gems/2.0.0/specifications/yajl-ruby-1.1.0.gemspec
I, [2014-07-13T13:00:00.935629 #19304]  INFO -- : 0:  pygments.rb (0.6.0) from /Library/Ruby/Gems/2.0.0/specifications/pygments.rb-0.6.0.gemspec
I, [2014-07-13T13:00:00.936019 #19304]  INFO -- : 0:  redcarpet (3.1.2) from /Library/Ruby/Gems/2.0.0/specifications/redcarpet-3.1.2.gemspec
I, [2014-07-13T13:00:00.936401 #19304]  INFO -- : 0:  safe_yaml (1.0.3) from /Library/Ruby/Gems/2.0.0/specifications/safe_yaml-1.0.3.gemspec
I, [2014-07-13T13:00:00.936757 #19304]  INFO -- : 0:  parslet (1.5.0) from /Library/Ruby/Gems/2.0.0/specifications/parslet-1.5.0.gemspec
I, [2014-07-13T13:00:00.937103 #19304]  INFO -- : 0:  toml (0.1.0) from /Library/Ruby/Gems/2.0.0/specifications/toml-0.1.0.gemspec
I, [2014-07-13T13:00:00.937468 #19304]  INFO -- : 0:  jekyll (2.1.1) from /Library/Ruby/Gems/2.0.0/specifications/jekyll-2.1.1.gemspec
I, [2014-07-13T13:00:00.937784 #19304]  INFO -- : 0:  bundler (1.5.1) from /Library/Ruby/Gems/2.0.0/specifications/bundler-1.5.1.gemspec
I, [2014-07-13T19:23:47.237510 #425]  INFO -- : 0:  blankslate (2.1.2.4) from /Library/Ruby/Gems/2.0.0/specifications/blankslate-2.1.2.4.gemspec
I, [2014-07-13T19:23:47.241096 #425]  INFO -- : 0:  timers (1.1.0) from /Library/Ruby/Gems/2.0.0/specifications/timers-1.1.0.gemspec
I, [2014-07-13T19:23:47.241533 #425]  INFO -- : 0:  celluloid (0.15.2) from /Library/Ruby/Gems/2.0.0/specifications/celluloid-0.15.2.gemspec
I, [2014-07-13T19:23:47.242104 #425]  INFO -- : 0:  fast-stemmer (1.0.2) from /Library/Ruby/Gems/2.0.0/specifications/fast-stemmer-1.0.2.gemspec
I, [2014-07-13T19:23:47.242877 #425]  INFO -- : 0:  classifier (1.3.4) from /Library/Ruby/Gems/2.0.0/specifications/classifier-1.3.4.gemspec
I, [2014-07-13T19:23:47.243315 #425]  INFO -- : 0:  coffee-script-source (1.7.1) from /Library/Ruby/Gems/2.0.0/specifications/coffee-script-source-1.7.1.gemspec
I, [2014-07-13T19:23:47.243727 #425]  INFO -- : 0:  execjs (2.2.1) from /Library/Ruby/Gems/2.0.0/specifications/execjs-2.2.1.gemspec
I, [2014-07-13T19:23:47.244067 #425]  INFO -- : 0:  coffee-script (2.3.0) from /Library/Ruby/Gems/2.0.0/specifications/coffee-script-2.3.0.gemspec
I, [2014-07-13T19:23:47.244271 #425]  INFO -- : 0:  colorator (0.1) from /Library/Ruby/Gems/2.0.0/specifications/colorator-0.1.gemspec
I, [2014-07-13T19:23:47.244469 #425]  INFO -- : 0:  ffi (1.9.3) from /Library/Ruby/Gems/2.0.0/specifications/ffi-1.9.3.gemspec
I, [2014-07-13T19:23:47.244659 #425]  INFO -- : 0:  jekyll-coffeescript (1.0.0) from /Library/Ruby/Gems/2.0.0/specifications/jekyll-coffeescript-1.0.0.gemspec
I, [2014-07-13T19:23:47.244853 #425]  INFO -- : 0:  jekyll-gist (1.1.0) from /Library/Ruby/Gems/2.0.0/specifications/jekyll-gist-1.1.0.gemspec
I, [2014-07-13T19:23:47.245044 #425]  INFO -- : 0:  jekyll-paginate (1.0.0) from /Library/Ruby/Gems/2.0.0/specifications/jekyll-paginate-1.0.0.gemspec
I, [2014-07-13T19:23:47.245248 #425]  INFO -- : 0:  sass (3.2.19) from /Library/Ruby/Gems/2.0.0/specifications/sass-3.2.19.gemspec
I, [2014-07-13T19:23:47.245459 #425]  INFO -- : 0:  jekyll-sass-converter (1.0.0) from /Library/Ruby/Gems/2.0.0/specifications/jekyll-sass-converter-1.0.0.gemspec
I, [2014-07-13T19:23:47.245661 #425]  INFO -- : 0:  rb-fsevent (0.9.4) from /Library/Ruby/Gems/2.0.0/specifications/rb-fsevent-0.9.4.gemspec
I, [2014-07-13T19:23:47.245856 #425]  INFO -- : 0:  rb-inotify (0.9.3) from /Library/Ruby/Gems/2.0.0/specifications/rb-inotify-0.9.3.gemspec
I, [2014-07-13T19:23:47.246063 #425]  INFO -- : 0:  listen (2.7.9) from /Library/Ruby/Gems/2.0.0/specifications/listen-2.7.9.gemspec
I, [2014-07-13T19:23:47.246268 #425]  INFO -- : 0:  jekyll-watch (1.0.0) from /Library/Ruby/Gems/2.0.0/specifications/jekyll-watch-1.0.0.gemspec
I, [2014-07-13T19:23:47.246452 #425]  INFO -- : 0:  kramdown (1.3.1) from /Library/Ruby/Gems/2.0.0/specifications/kramdown-1.3.1.gemspec
I, [2014-07-13T19:23:47.246647 #425]  INFO -- : 0:  liquid (2.6.1) from /Library/Ruby/Gems/2.0.0/specifications/liquid-2.6.1.gemspec
I, [2014-07-13T19:23:47.246828 #425]  INFO -- : 0:  mercenary (0.3.4) from /Library/Ruby/Gems/2.0.0/specifications/mercenary-0.3.4.gemspec
I, [2014-07-13T19:23:47.247007 #425]  INFO -- : 0:  posix-spawn (0.3.8) from /Library/Ruby/Gems/2.0.0/specifications/posix-spawn-0.3.8.gemspec
I, [2014-07-13T19:23:47.247190 #425]  INFO -- : 0:  yajl-ruby (1.1.0) from /Library/Ruby/Gems/2.0.0/specifications/yajl-ruby-1.1.0.gemspec
I, [2014-07-13T19:23:47.247398 #425]  INFO -- : 0:  pygments.rb (0.6.0) from /Library/Ruby/Gems/2.0.0/specifications/pygments.rb-0.6.0.gemspec
I, [2014-07-13T19:23:47.247586 #425]  INFO -- : 0:  redcarpet (3.1.2) from /Library/Ruby/Gems/2.0.0/specifications/redcarpet-3.1.2.gemspec
I, [2014-07-13T19:23:47.247763 #425]  INFO -- : 0:  safe_yaml (1.0.3) from /Library/Ruby/Gems/2.0.0/specifications/safe_yaml-1.0.3.gemspec
I, [2014-07-13T19:23:47.247946 #425]  INFO -- : 0:  parslet (1.5.0) from /Library/Ruby/Gems/2.0.0/specifications/parslet-1.5.0.gemspec
I, [2014-07-13T19:23:47.248135 #425]  INFO -- : 0:  toml (0.1.0) from /Library/Ruby/Gems/2.0.0/specifications/toml-0.1.0.gemspec
I, [2014-07-13T19:23:47.248342 #425]  INFO -- : 0:  jekyll (2.1.1) from /Library/Ruby/Gems/2.0.0/specifications/jekyll-2.1.1.gemspec
I, [2014-07-13T19:23:47.248761 #425]  INFO -- : 0:  bundler (1.5.1) from /Library/Ruby/Gems/2.0.0/specifications/bundler-1.5.1.gemspec
I, [2014-07-28T18:51:34.922020 #4145]  INFO -- : 0:  blankslate (2.1.2.4) from /Library/Ruby/Gems/2.0.0/specifications/blankslate-2.1.2.4.gemspec
I, [2014-07-28T18:51:34.925983 #4145]  INFO -- : 0:  sass (3.2.19) from /Library/Ruby/Gems/2.0.0/specifications/sass-3.2.19.gemspec
I, [2014-07-28T18:55:28.086897 #4145]  INFO -- : 0:  thor (0.19.1) from /Library/Ruby/Gems/2.0.0/specifications/thor-0.19.1.gemspec
I, [2014-07-28T18:55:30.983695 #4145]  INFO -- : 0:  bourbon (3.2.3) from /Library/Ruby/Gems/2.0.0/specifications/bourbon-3.2.3.gemspec
I, [2014-07-28T18:55:30.999823 #4145]  INFO -- : 0:  timers (1.1.0) from /Library/Ruby/Gems/2.0.0/specifications/timers-1.1.0.gemspec
I, [2014-07-28T18:55:31.000287 #4145]  INFO -- : 0:  celluloid (0.15.2) from /Library/Ruby/Gems/2.0.0/specifications/celluloid-0.15.2.gemspec
I, [2014-07-28T18:55:31.000587 #4145]  INFO -- : 0:  fast-stemmer (1.0.2) from /Library/Ruby/Gems/2.0.0/specifications/fast-stemmer-1.0.2.gemspec
I, [2014-07-28T18:55:31.000881 #4145]  INFO -- : 0:  classifier (1.3.4) from /Library/Ruby/Gems/2.0.0/specifications/classifier-1.3.4.gemspec
I, [2014-07-28T18:55:31.001179 #4145]  INFO -- : 0:  coffee-script-source (1.7.1) from /Library/Ruby/Gems/2.0.0/specifications/coffee-script-source-1.7.1.gemspec
I, [2014-07-28T18:55:31.001761 #4145]  INFO -- : 0:  execjs (2.2.1) from /Library/Ruby/Gems/2.0.0/specifications/execjs-2.2.1.gemspec
I, [2014-07-28T18:55:31.002216 #4145]  INFO -- : 0:  coffee-script (2.3.0) from /Library/Ruby/Gems/2.0.0/specifications/coffee-script-2.3.0.gemspec
I, [2014-07-28T18:55:31.002656 #4145]  INFO -- : 0:  colorator (0.1) from /Library/Ruby/Gems/2.0.0/specifications/colorator-0.1.gemspec
I, [2014-07-28T18:55:31.003081 #4145]  INFO -- : 0:  ffi (1.9.3) from /Library/Ruby/Gems/2.0.0/specifications/ffi-1.9.3.gemspec
I, [2014-07-28T18:55:31.003519 #4145]  INFO -- : 0:  jekyll-coffeescript (1.0.0) from /Library/Ruby/Gems/2.0.0/specifications/jekyll-coffeescript-1.0.0.gemspec
I, [2014-07-28T18:55:31.003948 #4145]  INFO -- : 0:  jekyll-gist (1.1.0) from /Library/Ruby/Gems/2.0.0/specifications/jekyll-gist-1.1.0.gemspec
I, [2014-07-28T18:55:31.004378 #4145]  INFO -- : 0:  jekyll-paginate (1.0.0) from /Library/Ruby/Gems/2.0.0/specifications/jekyll-paginate-1.0.0.gemspec
I, [2014-07-28T18:55:31.004798 #4145]  INFO -- : 0:  jekyll-sass-converter (1.0.0) from /Library/Ruby/Gems/2.0.0/specifications/jekyll-sass-converter-1.0.0.gemspec
I, [2014-07-28T18:55:31.005203 #4145]  INFO -- : 0:  rb-fsevent (0.9.4) from /Library/Ruby/Gems/2.0.0/specifications/rb-fsevent-0.9.4.gemspec
I, [2014-07-28T18:55:31.005605 #4145]  INFO -- : 0:  rb-inotify (0.9.3) from /Library/Ruby/Gems/2.0.0/specifications/rb-inotify-0.9.3.gemspec
I, [2014-07-28T18:55:31.006033 #4145]  INFO -- : 0:  listen (2.7.9) from /Library/Ruby/Gems/2.0.0/specifications/listen-2.7.9.gemspec
I, [2014-07-28T18:55:31.006447 #4145]  INFO -- : 0:  jekyll-watch (1.0.0) from /Library/Ruby/Gems/2.0.0/specifications/jekyll-watch-1.0.0.gemspec
I, [2014-07-28T18:55:31.006831 #4145]  INFO -- : 0:  kramdown (1.3.1) from /Library/Ruby/Gems/2.0.0/specifications/kramdown-1.3.1.gemspec
I, [2014-07-28T18:55:31.007171 #4145]  INFO -- : 0:  liquid (2.6.1) from /Library/Ruby/Gems/2.0.0/specifications/liquid-2.6.1.gemspec
I, [2014-07-28T18:55:31.007460 #4145]  INFO -- : 0:  mercenary (0.3.4) from /Library/Ruby/Gems/2.0.0/specifications/mercenary-0.3.4.gemspec
I, [2014-07-28T18:55:31.007780 #4145]  INFO -- : 0:  posix-spawn (0.3.8) from /Library/Ruby/Gems/2.0.0/specifications/posix-spawn-0.3.8.gemspec
I, [2014-07-28T18:55:31.008112 #4145]  INFO -- : 0:  yajl-ruby (1.1.0) from /Library/Ruby/Gems/2.0.0/specifications/yajl-ruby-1.1.0.gemspec
I, [2014-07-28T18:55:31.008488 #4145]  INFO -- : 0:  pygments.rb (0.6.0) from /Library/Ruby/Gems/2.0.0/specifications/pygments.rb-0.6.0.gemspec
I, [2014-07-28T18:55:31.008819 #4145]  INFO -- : 0:  redcarpet (3.1.2) from /Library/Ruby/Gems/2.0.0/specifications/redcarpet-3.1.2.gemspec
I, [2014-07-28T18:55:31.009144 #4145]  INFO -- : 0:  safe_yaml (1.0.3) from /Library/Ruby/Gems/2.0.0/specifications/safe_yaml-1.0.3.gemspec
I, [2014-07-28T18:55:31.009511 #4145]  INFO -- : 0:  parslet (1.5.0) from /Library/Ruby/Gems/2.0.0/specifications/parslet-1.5.0.gemspec
I, [2014-07-28T18:55:31.009880 #4145]  INFO -- : 0:  toml (0.1.0) from /Library/Ruby/Gems/2.0.0/specifications/toml-0.1.0.gemspec
I, [2014-07-28T18:55:31.010245 #4145]  INFO -- : 0:  jekyll (2.1.1) from /Library/Ruby/Gems/2.0.0/specifications/jekyll-2.1.1.gemspec
I, [2014-07-28T18:55:31.010592 #4145]  INFO -- : 0:  bundler (1.5.1) from /Library/Ruby/Gems/2.0.0/specifications/bundler-1.5.1.gemspec
